TN:
SF:src\modules\appointments\services\CreateAppointmentService.ts
FN:15,(anonymous_18)
FN:16,CreateAppointmentService
FN:21,(anonymous_20)
FNF:3
FNH:3
FNDA:1,(anonymous_18)
FNDA:2,CreateAppointmentService
FNDA:3,(anonymous_20)
DA:1,1
DA:2,1
DA:4,1
DA:15,1
DA:18,2
DA:21,3
DA:22,3
DA:24,3
DA:28,3
DA:29,1
DA:32,2
DA:37,2
DA:39,1
DA:41,1
LF:14
LH:14
BRDA:28,0,0,1
BRDA:28,0,1,2
BRF:2
BRH:2
end_of_record
TN:
SF:src\modules\users\services\AuthenticateUserService.ts
FN:20,(anonymous_18)
FN:21,AuthenticateUserService
FN:28,(anonymous_20)
FNF:3
FNH:3
FNDA:1,(anonymous_18)
FNDA:3,AuthenticateUserService
FNDA:3,(anonymous_20)
DA:1,1
DA:2,1
DA:3,1
DA:4,1
DA:20,1
DA:23,3
DA:25,3
DA:28,3
DA:29,3
DA:31,3
DA:32,1
DA:34,2
DA:35,2
DA:40,2
DA:44,2
DA:45,1
DA:48,1
DA:50,1
DA:52,1
LF:19
LH:19
BRDA:29,0,0,3
BRDA:31,1,0,1
BRDA:31,1,1,2
BRDA:44,2,0,1
BRDA:44,2,1,1
BRF:5
BRH:5
end_of_record
TN:
SF:src\modules\users\services\CreateUserService.ts
FN:14,(anonymous_18)
FN:15,CreateUserService
FN:22,(anonymous_20)
FNF:3
FNH:3
FNDA:2,(anonymous_18)
FNDA:4,CreateUserService
FNDA:5,(anonymous_20)
DA:1,2
DA:2,2
DA:14,2
DA:17,4
DA:19,4
DA:22,5
DA:23,5
DA:25,5
DA:26,1
DA:29,4
DA:30,4
DA:36,4
DA:38,2
DA:40,2
LF:14
LH:14
BRDA:23,0,0,5
BRDA:25,1,0,1
BRDA:25,1,1,4
BRF:3
BRH:3
end_of_record
TN:
SF:src\modules\users\services\SendForgotPasswordEmailService.ts
FN:14,(anonymous_18)
FN:15,SendForgotPasswordEmailService
FN:24,(anonymous_20)
FNF:3
FNH:3
FNDA:1,(anonymous_18)
FNDA:3,SendForgotPasswordEmailService
FNDA:3,(anonymous_20)
DA:2,1
DA:5,1
DA:14,1
DA:17,3
DA:19,3
DA:21,3
DA:24,3
DA:25,3
DA:27,3
DA:28,1
DA:31,4
DA:32,2
DA:37,1
DA:39,1
LF:14
LH:14
BRDA:25,0,0,3
BRDA:27,1,0,1
BRDA:27,1,1,2
BRF:3
BRH:3
end_of_record
TN:
SF:src\modules\users\services\UpdateUserAvatarService.ts
FN:13,(anonymous_18)
FN:14,UpdateUserAvatarService
FN:21,(anonymous_20)
FNF:3
FNH:3
FNDA:1,(anonymous_18)
FNDA:3,UpdateUserAvatarService
FNDA:4,(anonymous_20)
DA:1,1
DA:2,1
DA:13,1
DA:16,3
DA:18,3
DA:21,4
DA:22,4
DA:23,4
DA:24,1
DA:27,5
DA:28,2
DA:31,3
DA:33,6
DA:35,3
DA:37,1
DA:39,1
LF:16
LH:16
BRDA:22,0,0,4
BRDA:23,1,0,1
BRDA:23,1,1,3
BRDA:27,2,0,2
BRDA:27,2,1,1
BRF:5
BRH:5
end_of_record
